# JRE version: Java(TM) SE Runtime Environment (8.0_121-b13) (build 1.8.0_121-b13)
# Java VM: Java HotSpot(TM) 64-Bit Server VM (25.121-b13 mixed mode windows-amd64 compressed oops)
Heap:
 PSYoungGen      total 132096K, used 131822K [0x000000076b900000, 0x0000000774c00000, 0x00000007c0000000)
  eden space 118784K, 99% used [0x000000076b900000,0x0000000772cbc5e0,0x0000000772d00000)
  from space 13312K, 99% used [0x0000000773c00000,0x00000007748ff298,0x0000000774900000)
  to   space 15360K, 0% used [0x0000000772d00000,0x0000000772d00000,0x0000000773c00000)
 ParOldGen       total 87040K, used 15926K [0x00000006c2a00000, 0x00000006c7f00000, 0x000000076b900000)
  object space 87040K, 18% used [0x00000006c2a00000,0x00000006c398db60,0x00000006c7f00000)
 Metaspace       used 23049K, capacity 23582K, committed 23680K, reserved 1071104K
  class space    used 2740K, capacity 2925K, committed 2944K, reserved 1048576K
GC Heap History (10 events):
Event: 8.535 GC heap before
{Heap before GC invocations=3 (full 0):
 PSYoungGen      total 75776K, used 74888K [0x000000076b900000, 0x0000000770d80000, 0x00000007c0000000)
  eden space 65024K, 100% used [0x000000076b900000,0x000000076f880000,0x000000076f880000)
  from space 10752K, 91% used [0x0000000770300000,0x0000000770ca2180,0x0000000770d80000)
  to   space 10752K, 0% used [0x000000076f880000,0x000000076f880000,0x0000000770300000)
 ParOldGen       total 173568K, used 24K [0x00000006c2a00000, 0x00000006cd380000, 0x000000076b900000)
  object space 173568K, 0% used [0x00000006c2a00000,0x00000006c2a06000,0x00000006cd380000)
 Metaspace       used 19872K, capacity 20288K, committed 20480K, reserved 1067008K
  class space    used 2399K, capacity 2552K, committed 2560K, reserved 1048576K
Event: 8.564 GC heap after
Heap after GC invocations=3 (full 0):
 PSYoungGen      total 75776K, used 10723K [0x000000076b900000, 0x0000000770d80000, 0x00000007c0000000)
  eden space 65024K, 0% used [0x000000076b900000,0x000000076b900000,0x000000076f880000)
  from space 10752K, 99% used [0x000000076f880000,0x00000007702f8e30,0x0000000770300000)
  to   space 10752K, 0% used [0x0000000770300000,0x0000000770300000,0x0000000770d80000)
 ParOldGen       total 173568K, used 1753K [0x00000006c2a00000, 0x00000006cd380000, 0x000000076b900000)
  object space 173568K, 1% used [0x00000006c2a00000,0x00000006c2bb6528,0x00000006cd380000)
 Metaspace       used 19872K, capacity 20288K, committed 20480K, reserved 1067008K
  class space    used 2399K, capacity 2552K, committed 2560K, reserved 1048576K
}
Event: 8.624 GC heap before
{Heap before GC invocations=4 (full 0):
 PSYoungGen      total 75776K, used 14596K [0x000000076b900000, 0x0000000770d80000, 0x00000007c0000000)
  eden space 65024K, 5% used [0x000000076b900000,0x000000076bcc8270,0x000000076f880000)
  from space 10752K, 99% used [0x000000076f880000,0x00000007702f8e30,0x0000000770300000)
  to   space 10752K, 0% used [0x0000000770300000,0x0000000770300000,0x0000000770d80000)
 ParOldGen       total 173568K, used 1753K [0x00000006c2a00000, 0x00000006cd380000, 0x000000076b900000)
  object space 173568K, 1% used [0x00000006c2a00000,0x00000006c2bb6528,0x00000006cd380000)
 Metaspace       used 20723K, capacity 21152K, committed 21296K, reserved 1069056K
  class space    used 2498K, capacity 2648K, committed 2688K, reserved 1048576K
Event: 8.653 GC heap after
Heap after GC invocations=4 (full 0):
 PSYoungGen      total 75776K, used 10741K [0x000000076b900000, 0x0000000774d00000, 0x00000007c0000000)
  eden space 65024K, 0% used [0x000000076b900000,0x000000076b900000,0x000000076f880000)
  from space 10752K, 99% used [0x0000000770300000,0x0000000770d7d618,0x0000000770d80000)
  to   space 10752K, 0% used [0x000000076f880000,0x000000076f880000,0x0000000770300000)
 ParOldGen       total 173568K, used 2026K [0x00000006c2a00000, 0x00000006cd380000, 0x000000076b900000)
  object space 173568K, 1% used [0x00000006c2a00000,0x00000006c2bfaaf0,0x00000006cd380000)
 Metaspace       used 20723K, capacity 21152K, committed 21296K, reserved 1069056K
  class space    used 2498K, capacity 2648K, committed 2688K, reserved 1048576K
}
Event: 8.653 GC heap before
{Heap before GC invocations=5 (full 1):
 PSYoungGen      total 75776K, used 10741K [0x000000076b900000, 0x0000000774d00000, 0x00000007c0000000)
  eden space 65024K, 0% used [0x000000076b900000,0x000000076b900000,0x000000076f880000)
  from space 10752K, 99% used [0x0000000770300000,0x0000000770d7d618,0x0000000770d80000)
  to   space 10752K, 0% used [0x000000076f880000,0x000000076f880000,0x0000000770300000)
 ParOldGen       total 173568K, used 2026K [0x00000006c2a00000, 0x00000006cd380000, 0x000000076b900000)
  object space 173568K, 1% used [0x00000006c2a00000,0x00000006c2bfaaf0,0x00000006cd380000)
 Metaspace       used 20723K, capacity 21152K, committed 21296K, reserved 1069056K
  class space    used 2498K, capacity 2648K, committed 2688K, reserved 1048576K
Event: 8.745 GC heap after
Heap after GC invocations=5 (full 1):
 PSYoungGen      total 75776K, used 0K [0x000000076b900000, 0x0000000774d00000, 0x00000007c0000000)
  eden space 65024K, 0% used [0x000000076b900000,0x000000076b900000,0x000000076f880000)
  from space 10752K, 0% used [0x0000000770300000,0x0000000770300000,0x0000000770d80000)
  to   space 10752K, 0% used [0x000000076f880000,0x000000076f880000,0x0000000770300000)
 ParOldGen       total 87040K, used 12506K [0x00000006c2a00000, 0x00000006c7f00000, 0x000000076b900000)
  object space 87040K, 14% used [0x00000006c2a00000,0x00000006c3636a98,0x00000006c7f00000)
 Metaspace       used 20723K, capacity 21152K, committed 21296K, reserved 1069056K
  class space    used 2498K, capacity 2648K, committed 2688K, reserved 1048576K
}
Event: 10.754 GC heap before
{Heap before GC invocations=6 (full 1):
 PSYoungGen      total 75776K, used 65024K [0x000000076b900000, 0x0000000774d00000, 0x00000007c0000000)
  eden space 65024K, 100% used [0x000000076b900000,0x000000076f880000,0x000000076f880000)
  from space 10752K, 0% used [0x0000000770300000,0x0000000770300000,0x0000000770d80000)
  to   space 10752K, 0% used [0x000000076f880000,0x000000076f880000,0x0000000770300000)
 ParOldGen       total 87040K, used 12506K [0x00000006c2a00000, 0x00000006c7f00000, 0x000000076b900000)
  object space 87040K, 14% used [0x00000006c2a00000,0x00000006c3636a98,0x00000006c7f00000)
 Metaspace       used 22947K, capacity 23422K, committed 23680K, reserved 1071104K
  class space    used 2736K, capacity 2893K, committed 2944K, reserved 1048576K
Event: 10.767 GC heap after
Heap after GC invocations=6 (full 1):
 PSYoungGen      total 75776K, used 10734K [0x000000076b900000, 0x0000000774900000, 0x00000007c0000000)
  eden space 65024K, 0% used [0x000000076b900000,0x000000076b900000,0x000000076f880000)
  from space 10752K, 99% used [0x000000076f880000,0x00000007702fbbf0,0x0000000770300000)
  to   space 13312K, 0% used [0x0000000773c00000,0x0000000773c00000,0x0000000774900000)
 ParOldGen       total 87040K, used 13940K [0x00000006c2a00000, 0x00000006c7f00000, 0x000000076b900000)
  object space 87040K, 16% used [0x00000006c2a00000,0x00000006c379d090,0x00000006c7f00000)
 Metaspace       used 22947K, capacity 23422K, committed 23680K, reserved 1071104K
  class space    used 2736K, capacity 2893K, committed 2944K, reserved 1048576K
}
Event: 11.221 GC heap before
{Heap before GC invocations=7 (full 1):
 PSYoungGen      total 75776K, used 75758K [0x000000076b900000, 0x0000000774900000, 0x00000007c0000000)
  eden space 65024K, 100% used [0x000000076b900000,0x000000076f880000,0x000000076f880000)
  from space 10752K, 99% used [0x000000076f880000,0x00000007702fbbf0,0x0000000770300000)
  to   space 13312K, 0% used [0x0000000773c00000,0x0000000773c00000,0x0000000774900000)
 ParOldGen       total 87040K, used 13940K [0x00000006c2a00000, 0x00000006c7f00000, 0x000000076b900000)
  object space 87040K, 16% used [0x00000006c2a00000,0x00000006c379d090,0x00000006c7f00000)
 Metaspace       used 23042K, capacity 23550K, committed 23680K, reserved 1071104K
  class space    used 2738K, capacity 2893K, committed 2944K, reserved 1048576K
Event: 11.236 GC heap after
Heap after GC invocations=7 (full 1):
 PSYoungGen      total 132096K, used 13308K [0x000000076b900000, 0x0000000774c00000, 0x00000007c0000000)
  eden space 118784K, 0% used [0x000000076b900000,0x000000076b900000,0x0000000772d00000)
  from space 13312K, 99% used [0x0000000773c00000,0x00000007748ff298,0x0000000774900000)
  to   space 15360K, 0% used [0x0000000772d00000,0x0000000772d00000,0x0000000773c00000)
 ParOldGen       total 87040K, used 15926K [0x00000006c2a00000, 0x00000006c7f00000, 0x000000076b900000)
  object space 87040K, 18% used [0x00000006c2a00000,0x00000006c398db60,0x00000006c7f00000)
 Metaspace       used 23042K, capacity 23550K, committed 23680K, reserved 1071104K
  class space    used 2738K, capacity 2893K, committed 2944K, reserved 1048576K
}

